<?xml version="1.0" encoding="UTF-8"?>
<!-- Generated by org.testng.reporters.JUnitReportReporter -->
<testsuite hostname="LAPTOP-DLGNVLFE" failures="0" tests="1" name="testdata.EndToEndTestCases" time="9.681" errors="0" timestamp="2021-03-26T15:30:15 IST" skipped="0">
  <testcase classname="testdata.EndToEndTestCases" name="insuranceOfVolovoMotor" time="9.681"/>
  <system-out/>
</testsuite> <!-- testdata.EndToEndTestCases -->
